# JRE version: OpenJDK Runtime Environment (8.0_76-b03) (build 1.8.0_76-release-b03)
# Java VM: OpenJDK 64-Bit Server VM (25.76-b03 mixed mode windows-amd64 compressed oops)
Heap:
 PSYoungGen      total 75264K, used 65849K [0x00000000eab00000, 0x00000000f0b80000, 0x0000000100000000)
  eden space 66048K, 86% used [0x00000000eab00000,0x00000000ee2b1b50,0x00000000eeb80000)
  from space 9216K, 95% used [0x00000000efb80000,0x00000000f041cab8,0x00000000f0480000)
  to   space 7168K, 0% used [0x00000000f0480000,0x00000000f0480000,0x00000000f0b80000)
 ParOldGen       total 70656K, used 45970K [0x00000000c0000000, 0x00000000c4500000, 0x00000000eab00000)
  object space 70656K, 65% used [0x00000000c0000000,0x00000000c2ce4bc8,0x00000000c4500000)
 Metaspace       used 62692K, capacity 65216K, committed 65448K, reserved 1105920K
  class space    used 8327K, capacity 8851K, committed 8880K, reserved 1048576K
GC Heap History (10 events):
Event: 76.973 GC heap before
{Heap before GC invocations=24 (full 3):
 PSYoungGen      total 62464K, used 60128K [0x00000000eab00000, 0x00000000ef380000, 0x0000000100000000)
  eden space 53760K, 100% used [0x00000000eab00000,0x00000000edf80000,0x00000000edf80000)
  from space 8704K, 73% used [0x00000000ee800000,0x00000000eee38000,0x00000000ef080000)
  to   space 8704K, 0% used [0x00000000edf80000,0x00000000edf80000,0x00000000ee800000)
 ParOldGen       total 70656K, used 29348K [0x00000000c0000000, 0x00000000c4500000, 0x00000000eab00000)
  object space 70656K, 41% used [0x00000000c0000000,0x00000000c1ca9070,0x00000000c4500000)
 Metaspace       used 52091K, capacity 53982K, committed 54184K, reserved 1095680K
  class space    used 7128K, capacity 7569K, committed 7600K, reserved 1048576K
Event: 76.988 GC heap after
Heap after GC invocations=24 (full 3):
 PSYoungGen      total 62464K, used 6784K [0x00000000eab00000, 0x00000000f0180000, 0x0000000100000000)
  eden space 53760K, 0% used [0x00000000eab00000,0x00000000eab00000,0x00000000edf80000)
  from space 8704K, 77% used [0x00000000edf80000,0x00000000ee620000,0x00000000ee800000)
  to   space 9216K, 0% used [0x00000000ef880000,0x00000000ef880000,0x00000000f0180000)
 ParOldGen       total 70656K, used 34835K [0x00000000c0000000, 0x00000000c4500000, 0x00000000eab00000)
  object space 70656K, 49% used [0x00000000c0000000,0x00000000c2204d28,0x00000000c4500000)
 Metaspace       used 52091K, capacity 53982K, committed 54184K, reserved 1095680K
  class space    used 7128K, capacity 7569K, committed 7600K, reserved 1048576K
}
Event: 83.482 GC heap before
{Heap before GC invocations=25 (full 3):
 PSYoungGen      total 62464K, used 60544K [0x00000000eab00000, 0x00000000f0180000, 0x0000000100000000)
  eden space 53760K, 100% used [0x00000000eab00000,0x00000000edf80000,0x00000000edf80000)
  from space 8704K, 77% used [0x00000000edf80000,0x00000000ee620000,0x00000000ee800000)
  to   space 9216K, 0% used [0x00000000ef880000,0x00000000ef880000,0x00000000f0180000)
 ParOldGen       total 70656K, used 34835K [0x00000000c0000000, 0x00000000c4500000, 0x00000000eab00000)
  object space 70656K, 49% used [0x00000000c0000000,0x00000000c2204d28,0x00000000c4500000)
 Metaspace       used 53464K, capacity 55756K, committed 55976K, reserved 1097728K
  class space    used 7290K, capacity 7806K, committed 7856K, reserved 1048576K
Event: 83.538 GC heap after
Heap after GC invocations=25 (full 3):
 PSYoungGen      total 78336K, used 2297K [0x00000000eab00000, 0x00000000f0100000, 0x0000000100000000)
  eden space 69632K, 0% used [0x00000000eab00000,0x00000000eab00000,0x00000000eef00000)
  from space 8704K, 26% used [0x00000000ef880000,0x00000000efabe680,0x00000000f0100000)
  to   space 9216K, 0% used [0x00000000eef00000,0x00000000eef00000,0x00000000ef800000)
 ParOldGen       total 70656K, used 41167K [0x00000000c0000000, 0x00000000c4500000, 0x00000000eab00000)
  object space 70656K, 58% used [0x00000000c0000000,0x00000000c2833d38,0x00000000c4500000)
 Metaspace       used 53464K, capacity 55756K, committed 55976K, reserved 1097728K
  class space    used 7290K, capacity 7806K, committed 7856K, reserved 1048576K
}
Event: 87.295 GC heap before
{Heap before GC invocations=26 (full 3):
 PSYoungGen      total 78336K, used 71929K [0x00000000eab00000, 0x00000000f0100000, 0x0000000100000000)
  eden space 69632K, 100% used [0x00000000eab00000,0x00000000eef00000,0x00000000eef00000)
  from space 8704K, 26% used [0x00000000ef880000,0x00000000efabe680,0x00000000f0100000)
  to   space 9216K, 0% used [0x00000000eef00000,0x00000000eef00000,0x00000000ef800000)
 ParOldGen       total 70656K, used 41167K [0x00000000c0000000, 0x00000000c4500000, 0x00000000eab00000)
  object space 70656K, 58% used [0x00000000c0000000,0x00000000c2833d38,0x00000000c4500000)
 Metaspace       used 55827K, capacity 58132K, committed 58280K, reserved 1099776K
  class space    used 7584K, capacity 8086K, committed 8112K, reserved 1048576K
Event: 87.305 GC heap after
Heap after GC invocations=26 (full 3):
 PSYoungGen      total 78848K, used 5075K [0x00000000eab00000, 0x00000000f1400000, 0x0000000100000000)
  eden space 69632K, 0% used [0x00000000eab00000,0x00000000eab00000,0x00000000eef00000)
  from space 9216K, 55% used [0x00000000eef00000,0x00000000ef3f4d38,0x00000000ef800000)
  to   space 9216K, 0% used [0x00000000f0b00000,0x00000000f0b00000,0x00000000f1400000)
 ParOldGen       total 70656K, used 42498K [0x00000000c0000000, 0x00000000c4500000, 0x00000000eab00000)
  object space 70656K, 60% used [0x00000000c0000000,0x00000000c2980af0,0x00000000c4500000)
 Metaspace       used 55827K, capacity 58132K, committed 58280K, reserved 1099776K
  class space    used 7584K, capacity 8086K, committed 8112K, reserved 1048576K
}
Event: 926.609 GC heap before
{Heap before GC invocations=27 (full 3):
 PSYoungGen      total 78848K, used 74707K [0x00000000eab00000, 0x00000000f1400000, 0x0000000100000000)
  eden space 69632K, 100% used [0x00000000eab00000,0x00000000eef00000,0x00000000eef00000)
  from space 9216K, 55% used [0x00000000eef00000,0x00000000ef3f4d38,0x00000000ef800000)
  to   space 9216K, 0% used [0x00000000f0b00000,0x00000000f0b00000,0x00000000f1400000)
 ParOldGen       total 70656K, used 42498K [0x00000000c0000000, 0x00000000c4500000, 0x00000000eab00000)
  object space 70656K, 60% used [0x00000000c0000000,0x00000000c2980af0,0x00000000c4500000)
 Metaspace       used 56139K, capacity 58614K, committed 58920K, reserved 1099776K
  class space    used 7615K, capacity 8117K, committed 8240K, reserved 1048576K
Event: 926.641 GC heap after
Heap after GC invocations=27 (full 3):
 PSYoungGen      total 70144K, used 2048K [0x00000000eab00000, 0x00000000f0d80000, 0x0000000100000000)
  eden space 67584K, 0% used [0x00000000eab00000,0x00000000eab00000,0x00000000eed00000)
  from space 2560K, 80% used [0x00000000f0b00000,0x00000000f0d00020,0x00000000f0d80000)
  to   space 9216K, 0% used [0x00000000efb80000,0x00000000efb80000,0x00000000f0480000)
 ParOldGen       total 70656K, used 45130K [0x00000000c0000000, 0x00000000c4500000, 0x00000000eab00000)
  object space 70656K, 63% used [0x00000000c0000000,0x00000000c2c12b00,0x00000000c4500000)
 Metaspace       used 56139K, capacity 58614K, committed 58920K, reserved 1099776K
  class space    used 7615K, capacity 8117K, committed 8240K, reserved 1048576K
}
Event: 932.829 GC heap before
{Heap before GC invocations=28 (full 3):
 PSYoungGen      total 70144K, used 69632K [0x00000000eab00000, 0x00000000f0d80000, 0x0000000100000000)
  eden space 67584K, 100% used [0x00000000eab00000,0x00000000eed00000,0x00000000eed00000)
  from space 2560K, 80% used [0x00000000f0b00000,0x00000000f0d00020,0x00000000f0d80000)
  to   space 9216K, 0% used [0x00000000efb80000,0x00000000efb80000,0x00000000f0480000)
 ParOldGen       total 70656K, used 45130K [0x00000000c0000000, 0x00000000c4500000, 0x00000000eab00000)
  object space 70656K, 63% used [0x00000000c0000000,0x00000000c2c12b00,0x00000000c4500000)
 Metaspace       used 60451K, capacity 63040K, committed 63272K, reserved 1103872K
  class space    used 8194K, capacity 8723K, committed 8752K, reserved 1048576K
Event: 932.839 GC heap after
Heap after GC invocations=28 (full 3):
 PSYoungGen      total 75264K, used 8818K [0x00000000eab00000, 0x00000000f0b80000, 0x0000000100000000)
  eden space 66048K, 0% used [0x00000000eab00000,0x00000000eab00000,0x00000000eeb80000)
  from space 9216K, 95% used [0x00000000efb80000,0x00000000f041cab8,0x00000000f0480000)
  to   space 7168K, 0% used [0x00000000f0480000,0x00000000f0480000,0x00000000f0b80000)
 ParOldGen       total 70656K, used 45970K [0x00000000c0000000, 0x00000000c4500000, 0x00000000eab00000)
  object space 70656K, 65% used [0x00000000c0000000,0x00000000c2ce4bc8,0x00000000c4500000)
 Metaspace       used 60451K, capacity 63040K, committed 63272K, reserved 1103872K
  class space    used 8194K, capacity 8723K, committed 8752K, reserved 1048576K
}

